<?xml version="1.0" encoding="UTF-8"?>
<!-- Generated by org.testng.reporters.JUnitReportReporter -->
<testsuite hostname="AvisPC" failures="0" tests="1" name="AutomationTesting.SubmitOrder" time="16.566" errors="0" timestamp="2024-07-02T12:10:12 GST" skipped="0">
  <testcase classname="AutomationTesting.SubmitOrder" name="SubmitOrder" time="16.566"/>
</testsuite> <!-- AutomationTesting.SubmitOrder -->
