<?xml version="1.0" encoding="UTF-8"?>
<!-- Generated by org.testng.reporters.JUnitReportReporter -->
<testsuite hostname="AvisPC" failures="0" tests="2" name="AutomationTesting.ErrorValidationTest" time="17.879" errors="0" timestamp="2024-07-04T12:37:31 GST" skipped="0">
  <testcase classname="AutomationTesting.ErrorValidationTest" name="loginPageErrorValidation" time="3.118"/>
  <testcase classname="AutomationTesting.ErrorValidationTest" name="ProductAddedValidation" time="14.761"/>
</testsuite> <!-- AutomationTesting.ErrorValidationTest -->
