<?xml version="1.0" encoding="UTF-8"?>
<!-- Generated by org.testng.reporters.JUnitReportReporter -->
<testsuite hostname="AvisPC" failures="0" tests="1" name="Cucumber.TestNGTestRunner" time="3.253" errors="0" timestamp="2024-07-09T12:09:27 GST" skipped="0">
  <testcase classname="Cucumber.TestNGTestRunner" name="runScenario" time="3.253"/>
</testsuite> <!-- Cucumber.TestNGTestRunner -->
