<?xml version="1.0" encoding="UTF-8"?>
<!-- Generated by org.testng.reporters.JUnitReportReporter -->
<testsuite hostname="AvisPC" failures="0" tests="3" name="AutomationTesting.SubmitOrderTest" time="39.585" errors="0" timestamp="2024-07-04T12:37:31 GST" skipped="0">
  <testcase classname="AutomationTesting.SubmitOrderTest" name="SubmitOrder" time="20.789"/>
  <testcase classname="AutomationTesting.SubmitOrderTest" name="OrderHistoryTest" time="3.069"/>
  <testcase classname="AutomationTesting.SubmitOrderTest" name="SubmitOrder" time="15.727"/>
</testsuite> <!-- AutomationTesting.SubmitOrderTest -->
