<?xml version="1.0" encoding="UTF-8"?>
<!-- Generated by org.testng.reporters.JUnitReportReporter -->
<testsuite hostname="AvisPC" failures="0" tests="2" name="AutomationTesting.ErrorValidationTest" time="13.769" errors="0" timestamp="2024-07-09T12:11:13 GST" skipped="0">
  <testcase classname="AutomationTesting.ErrorValidationTest" name="loginPageErrorValidation" time="3.204"/>
  <testcase classname="AutomationTesting.ErrorValidationTest" name="ProductAddedValidation" time="10.565"/>
</testsuite> <!-- AutomationTesting.ErrorValidationTest -->
