<?xml version="1.0" encoding="UTF-8"?>
<!-- Generated by org.testng.reporters.JUnitReportReporter -->
<testsuite hostname="AvisPC" failures="0" tests="3" name="AutomationTesting.SubmitOrderTest" time="35.654" errors="0" timestamp="2024-07-09T12:11:13 GST" skipped="0">
  <testcase classname="AutomationTesting.SubmitOrderTest" name="SubmitOrder" time="17.203"/>
  <testcase classname="AutomationTesting.SubmitOrderTest" name="OrderHistoryTest" time="3.342"/>
  <testcase classname="AutomationTesting.SubmitOrderTest" name="SubmitOrder" time="15.109"/>
</testsuite> <!-- AutomationTesting.SubmitOrderTest -->
